CMake Error at C:/Espressif/tools/cmake/3.24.0/share/cmake-3.24/Modules/CMakeTestCXXCompiler.cmake:62 (message):
  The C++ compiler

    "C:/Espressif/tools/xtensa-esp-elf/esp-13.2.0_20230928/xtensa-esp-elf/bin/xtensa-esp32-elf-g++.exe"

  is not able to compile a simple test program.

  It fails with the following output:

    Change Dir: C:/Users/rajch/Project/ESP/ADC/build/CMakeFiles/CMakeTmp
    
    Run Build Command(s):C:/Espressif/tools/ninja/1.11.1/ninja.exe cmTC_efb89 && [1/2] Building CXX object CMakeFiles/cmTC_efb89.dir/testCXXCompiler.cxx.obj
    [2/2] Linking CXX executable cmTC_efb89
    FAILED: cmTC_efb89 
    cmd.exe /C "cd . && C:\Espressif\tools\xtensa-esp-elf\esp-13.2.0_20230928\xtensa-esp-elf\bin\xtensa-esp32-elf-g++.exe -mlongcalls -Wno-frame-address  CMakeFiles/cmTC_efb89.dir/testCXXCompiler.cxx.obj -o cmTC_efb89   && cd ."
    C:/Espressif/tools/xtensa-esp-elf/esp-13.2.0_20230928/xtensa-esp-elf/bin/../lib/gcc/xtensa-esp-elf/13.2.0/../../../../xtensa-esp-elf/bin/ld.exe: cannot find CMakeFiles/cmTC_efb89.dir/testCXXCompiler.cxx.obj: No such file or directory
    collect2.exe: error: ld returned 1 exit status
    ninja: build stopped: subcommand failed.
    
    

  

  CMake will not be able to correctly generate this project.
Call Stack (most recent call first):
  C:/Users/rajch/esp/v5.2.1/esp-idf/tools/cmake/project.cmake:506 (__project)
  CMakeLists.txt:6 (project)


